2012.05.13 11:59 B C:\VHDL\System09_sandbox\src\flex9\f9-cli.asm --> members.optusnet.com.au /System09_sandbox/src/flex9 f9-cli.asm
2012.05.13 11:59 B C:\VHDL\System09_sandbox\src\flex9\f9-cli.txt --> members.optusnet.com.au /System09_sandbox/src/flex9 f9-cli.txt
2012.05.13 11:59 B C:\VHDL\System09_sandbox\src\flex9\f9-data.asm --> members.optusnet.com.au /System09_sandbox/src/flex9 f9-data.asm
2012.05.13 11:59 B C:\VHDL\System09_sandbox\src\flex9\f9-data.txt --> members.optusnet.com.au /System09_sandbox/src/flex9 f9-data.txt
2012.05.13 11:59 B C:\VHDL\System09_sandbox\src\flex9\f9-dkcf8.asm --> members.optusnet.com.au /System09_sandbox/src/flex9 f9-dkcf8.asm
2012.05.13 11:59 B C:\VHDL\System09_sandbox\src\flex9\f9-dkcf8.txt --> members.optusnet.com.au /System09_sandbox/src/flex9 f9-dkcf8.txt
2012.05.13 11:59 B C:\VHDL\System09_sandbox\src\flex9\f9-dkfdc.asm --> members.optusnet.com.au /System09_sandbox/src/flex9 f9-dkfdc.asm
2012.05.13 11:59 B C:\VHDL\System09_sandbox\src\flex9\f9-dkfdc.txt --> members.optusnet.com.au /System09_sandbox/src/flex9 f9-dkfdc.txt
2012.05.13 11:59 B C:\VHDL\System09_sandbox\src\flex9\f9-dkide.asm --> members.optusnet.com.au /System09_sandbox/src/flex9 f9-dkide.asm
2012.05.13 11:59 B C:\VHDL\System09_sandbox\src\flex9\f9-dkide.txt --> members.optusnet.com.au /System09_sandbox/src/flex9 f9-dkide.txt
2012.05.13 11:59 B C:\VHDL\System09_sandbox\src\flex9\f9-dkram.asm --> members.optusnet.com.au /System09_sandbox/src/flex9 f9-dkram.asm
2012.05.13 11:59 B C:\VHDL\System09_sandbox\src\flex9\f9-dkram.txt --> members.optusnet.com.au /System09_sandbox/src/flex9 f9-dkram.txt
2012.05.13 11:59 B C:\VHDL\System09_sandbox\src\flex9\f9-equ.asm --> members.optusnet.com.au /System09_sandbox/src/flex9 f9-equ.asm
2012.05.13 11:59 B C:\VHDL\System09_sandbox\src\flex9\f9-equ.txt --> members.optusnet.com.au /System09_sandbox/src/flex9 f9-equ.txt
2012.05.13 11:59 B C:\VHDL\System09_sandbox\src\flex9\f9-fms.asm --> members.optusnet.com.au /System09_sandbox/src/flex9 f9-fms.asm
2012.05.13 11:59 B C:\VHDL\System09_sandbox\src\flex9\f9-fms.txt --> members.optusnet.com.au /System09_sandbox/src/flex9 f9-fms.txt
2012.05.13 11:59 B C:\VHDL\System09_sandbox\src\flex9\f9-init.asm --> members.optusnet.com.au /System09_sandbox/src/flex9 f9-init.asm
2012.05.13 11:59 B C:\VHDL\System09_sandbox\src\flex9\f9-init.txt --> members.optusnet.com.au /System09_sandbox/src/flex9 f9-init.txt
2012.05.13 11:59 B C:\VHDL\System09_sandbox\src\flex9\f9-moneq.asm --> members.optusnet.com.au /System09_sandbox/src/flex9 f9-moneq.asm
2012.05.13 11:59 B C:\VHDL\System09_sandbox\src\flex9\f9-moneq.txt --> members.optusnet.com.au /System09_sandbox/src/flex9 f9-moneq.txt
2012.05.13 11:59 B C:\VHDL\System09_sandbox\src\flex9\f9-monex.asm --> members.optusnet.com.au /System09_sandbox/src/flex9 f9-monex.asm
2012.05.13 12:00 B C:\VHDL\System09_sandbox\src\flex9\F9-MONEX.S19 --> members.optusnet.com.au /System09_sandbox/src/flex9 F9-MONEX.S19
2012.05.13 12:00 B C:\VHDL\System09_sandbox\src\flex9\f9-monex.txt --> members.optusnet.com.au /System09_sandbox/src/flex9 f9-monex.txt
2012.05.13 12:00 B C:\VHDL\System09_sandbox\src\flex9\f9-monio.asm --> members.optusnet.com.au /System09_sandbox/src/flex9 f9-monio.asm
2012.05.13 12:00 B C:\VHDL\System09_sandbox\src\flex9\f9-monio.txt --> members.optusnet.com.au /System09_sandbox/src/flex9 f9-monio.txt
2012.05.13 12:00 B C:\VHDL\System09_sandbox\src\flex9\f9-sfcb.asm --> members.optusnet.com.au /System09_sandbox/src/flex9 f9-sfcb.asm
2012.05.13 12:00 B C:\VHDL\System09_sandbox\src\flex9\f9-sfcb.txt --> members.optusnet.com.au /System09_sandbox/src/flex9 f9-sfcb.txt
2012.05.13 12:00 B C:\VHDL\System09_sandbox\src\flex9\f9-spool.asm --> members.optusnet.com.au /System09_sandbox/src/flex9 f9-spool.asm
2012.05.13 12:00 B C:\VHDL\System09_sandbox\src\flex9\f9-spool.txt --> members.optusnet.com.au /System09_sandbox/src/flex9 f9-spool.txt
2012.05.13 12:00 B C:\VHDL\System09_sandbox\src\flex9\f9-var.asm --> members.optusnet.com.au /System09_sandbox/src/flex9 f9-var.asm
2012.05.13 12:00 B C:\VHDL\System09_sandbox\src\flex9\f9-var.txt --> members.optusnet.com.au /System09_sandbox/src/flex9 f9-var.txt
2012.05.13 12:00 B C:\VHDL\System09_sandbox\src\flex9\flex9ads.asm --> members.optusnet.com.au /System09_sandbox/src/flex9 flex9ads.asm
2012.05.13 12:00 B C:\VHDL\System09_sandbox\src\flex9\FLEX9ADS.S19 --> members.optusnet.com.au /System09_sandbox/src/flex9 FLEX9ADS.S19
2012.05.13 12:00 B C:\VHDL\System09_sandbox\src\flex9\flex9ads.sh --> members.optusnet.com.au /System09_sandbox/src/flex9 flex9ads.sh
2012.05.13 12:00 B C:\VHDL\System09_sandbox\src\flex9\flex9ads.vhd --> members.optusnet.com.au /System09_sandbox/src/flex9 flex9ads.vhd
2012.05.13 12:00 B C:\VHDL\System09_sandbox\src\flex9\flex9ads_b16.vhd --> members.optusnet.com.au /System09_sandbox/src/flex9 flex9ads_b16.vhd
2012.05.13 12:00 B C:\VHDL\System09_sandbox\src\flex9\flex9ads_b4.vhd --> members.optusnet.com.au /System09_sandbox/src/flex9 flex9ads_b4.vhd
2012.05.13 12:00 B C:\VHDL\System09_sandbox\src\flex9\flex9cf8.asm --> members.optusnet.com.au /System09_sandbox/src/flex9 flex9cf8.asm
2012.05.13 12:00 B C:\VHDL\System09_sandbox\src\flex9\flex9cf8.aux --> members.optusnet.com.au /System09_sandbox/src/flex9 flex9cf8.aux
2012.05.13 12:00 B C:\VHDL\System09_sandbox\src\flex9\FLEX9CF8.S19 --> members.optusnet.com.au /System09_sandbox/src/flex9 FLEX9CF8.S19
2012.05.13 12:00 B C:\VHDL\System09_sandbox\src\flex9\flex9cf8.sh --> members.optusnet.com.au /System09_sandbox/src/flex9 flex9cf8.sh
2012.05.13 12:00 B C:\VHDL\System09_sandbox\src\flex9\flex9cf8.vhd --> members.optusnet.com.au /System09_sandbox/src/flex9 flex9cf8.vhd
2012.05.13 12:00 B C:\VHDL\System09_sandbox\src\flex9\flex9cf8_b16.vhd --> members.optusnet.com.au /System09_sandbox/src/flex9 flex9cf8_b16.vhd
2012.05.13 12:00 B C:\VHDL\System09_sandbox\src\flex9\flex9cf8_b4.vhd --> members.optusnet.com.au /System09_sandbox/src/flex9 flex9cf8_b4.vhd
2012.05.13 12:00 B C:\VHDL\System09_sandbox\src\flex9\flex9ide.asm --> members.optusnet.com.au /System09_sandbox/src/flex9 flex9ide.asm
2012.05.13 12:00 B C:\VHDL\System09_sandbox\src\flex9\flex9ide.aux --> members.optusnet.com.au /System09_sandbox/src/flex9 flex9ide.aux
2012.05.13 12:01 B C:\VHDL\System09_sandbox\src\flex9\flex9ide.sh --> members.optusnet.com.au /System09_sandbox/src/flex9 flex9ide.sh
2012.05.13 12:01 B C:\VHDL\System09_sandbox\src\flex9\flex9ide.vhd --> members.optusnet.com.au /System09_sandbox/src/flex9 flex9ide.vhd
2012.05.13 12:01 B C:\VHDL\System09_sandbox\src\flex9\flex9ide_b16.vhd --> members.optusnet.com.au /System09_sandbox/src/flex9 flex9ide_b16.vhd
2012.05.13 12:01 B C:\VHDL\System09_sandbox\src\flex9\flex9ide_b4.vhd --> members.optusnet.com.au /System09_sandbox/src/flex9 flex9ide_b4.vhd
2012.05.13 12:01 B C:\VHDL\System09_sandbox\src\flex9\flex9ram.asm --> members.optusnet.com.au /System09_sandbox/src/flex9 flex9ram.asm
2012.05.13 12:01 B C:\VHDL\System09_sandbox\src\flex9\flex9ram.aux --> members.optusnet.com.au /System09_sandbox/src/flex9 flex9ram.aux
2012.05.13 12:01 B C:\VHDL\System09_sandbox\src\flex9\FLEX9RAM.S19 --> members.optusnet.com.au /System09_sandbox/src/flex9 FLEX9RAM.S19
2012.05.13 12:01 B C:\VHDL\System09_sandbox\src\flex9\flex9ram.sh --> members.optusnet.com.au /System09_sandbox/src/flex9 flex9ram.sh
2012.05.13 12:01 B C:\VHDL\System09_sandbox\src\flex9\flex9ram.vhd --> members.optusnet.com.au /System09_sandbox/src/flex9 flex9ram.vhd
2012.05.13 12:01 B C:\VHDL\System09_sandbox\src\flex9\flex9ram_b16.vhd --> members.optusnet.com.au /System09_sandbox/src/flex9 flex9ram_b16.vhd
2012.05.13 12:01 B C:\VHDL\System09_sandbox\src\flex9\flex9ram_b4.vhd --> members.optusnet.com.au /System09_sandbox/src/flex9 flex9ram_b4.vhd
2012.05.13 12:01 B C:\VHDL\System09_sandbox\src\flex9\flex_ram_vhd --> members.optusnet.com.au /System09_sandbox/src/flex9 flex_ram_vhd
2012.05.13 12:01 B C:\VHDL\System09_sandbox\src\flex9\Makefile --> members.optusnet.com.au /System09_sandbox/src/flex9 Makefile
2012.05.13 12:01 B C:\VHDL\System09_sandbox\src\flex9\readme.txt --> members.optusnet.com.au /System09_sandbox/src/flex9 readme.txt
