2012.05.13 11:08 B C:\VHDL\System09_sandbox\rtl\VHDL\acia6850.vhd --> members.optusnet.com.au /System09_sandbox/rtl/VHDL acia6850.vhd
2012.05.13 11:08 B C:\VHDL\System09_sandbox\rtl\VHDL\acia6850_old.vhd --> members.optusnet.com.au /System09_sandbox/rtl/VHDL acia6850_old.vhd
2012.05.13 11:08 B C:\VHDL\System09_sandbox\rtl\VHDL\ACIA_6850_old.vhd --> members.optusnet.com.au /System09_sandbox/rtl/VHDL ACIA_6850_old.vhd
2012.05.13 11:08 B C:\VHDL\System09_sandbox\rtl\VHDL\ACIA_Clock.vhd --> members.optusnet.com.au /System09_sandbox/rtl/VHDL ACIA_Clock.vhd
2012.05.13 11:08 B C:\VHDL\System09_sandbox\rtl\VHDL\ACIA_RX_old.vhd --> members.optusnet.com.au /System09_sandbox/rtl/VHDL ACIA_RX_old.vhd
2012.05.13 11:08 B C:\VHDL\System09_sandbox\rtl\VHDL\ACIA_TX_old.vhd --> members.optusnet.com.au /System09_sandbox/rtl/VHDL ACIA_TX_old.vhd
2012.05.13 11:08 B C:\VHDL\System09_sandbox\rtl\VHDL\BaudClock.vhd --> members.optusnet.com.au /System09_sandbox/rtl/VHDL BaudClock.vhd
2012.05.13 11:08 B C:\VHDL\System09_sandbox\rtl\VHDL\BED_SRAM.vhd --> members.optusnet.com.au /System09_sandbox/rtl/VHDL BED_SRAM.vhd
2012.05.13 11:08 B C:\VHDL\System09_sandbox\rtl\VHDL\bit_funcs.vhd --> members.optusnet.com.au /System09_sandbox/rtl/VHDL bit_funcs.vhd
2012.05.13 11:08 B C:\VHDL\System09_sandbox\rtl\VHDL\chan6844.vhd --> members.optusnet.com.au /System09_sandbox/rtl/VHDL chan6844.vhd
2012.05.13 11:08 B C:\VHDL\System09_sandbox\rtl\VHDL\clock_div.vhd --> members.optusnet.com.au /System09_sandbox/rtl/VHDL clock_div.vhd
2012.05.13 11:08 B C:\VHDL\System09_sandbox\rtl\VHDL\clock_dll.vhd --> members.optusnet.com.au /System09_sandbox/rtl/VHDL clock_dll.vhd
2012.05.13 11:08 B C:\VHDL\System09_sandbox\rtl\VHDL\colour_map.vhd --> members.optusnet.com.au /System09_sandbox/rtl/VHDL colour_map.vhd
2012.05.13 11:08 B C:\VHDL\System09_sandbox\rtl\VHDL\cpu09.vhd --> members.optusnet.com.au /System09_sandbox/rtl/VHDL cpu09.vhd
2012.05.13 11:08 B C:\VHDL\System09_sandbox\rtl\VHDL\cpu09_dummy_firq.vhd --> members.optusnet.com.au /System09_sandbox/rtl/VHDL cpu09_dummy_firq.vhd
2012.05.13 11:08 B C:\VHDL\System09_sandbox\rtl\VHDL\cpu09l.vhd --> members.optusnet.com.au /System09_sandbox/rtl/VHDL cpu09l.vhd
2012.05.13 11:08 B C:\VHDL\System09_sandbox\rtl\VHDL\cpu1609l.vhd --> members.optusnet.com.au /System09_sandbox/rtl/VHDL cpu1609l.vhd
2012.05.13 11:08 B C:\VHDL\System09_sandbox\rtl\VHDL\cpu1639l.vhd --> members.optusnet.com.au /System09_sandbox/rtl/VHDL cpu1639l.vhd
2012.05.13 11:08 B C:\VHDL\System09_sandbox\rtl\VHDL\crtc6845.vhd --> members.optusnet.com.au /System09_sandbox/rtl/VHDL crtc6845.vhd
2012.05.13 11:08 B C:\VHDL\System09_sandbox\rtl\VHDL\datram.vhd --> members.optusnet.com.au /System09_sandbox/rtl/VHDL datram.vhd
2012.05.13 11:08 B C:\VHDL\System09_sandbox\rtl\VHDL\dma6844.vhd --> members.optusnet.com.au /System09_sandbox/rtl/VHDL dma6844.vhd
2012.05.13 11:08 B C:\VHDL\System09_sandbox\rtl\VHDL\eioport.vhd --> members.optusnet.com.au /System09_sandbox/rtl/VHDL eioport.vhd
2012.05.13 11:08 B C:\VHDL\System09_sandbox\rtl\VHDL\epp.vhd --> members.optusnet.com.au /System09_sandbox/rtl/VHDL epp.vhd
2012.05.13 11:08 B C:\VHDL\System09_sandbox\rtl\VHDL\Flasher.vhd --> members.optusnet.com.au /System09_sandbox/rtl/VHDL Flasher.vhd
2012.05.13 11:08 B C:\VHDL\System09_sandbox\rtl\VHDL\fpu.vhd --> members.optusnet.com.au /System09_sandbox/rtl/VHDL fpu.vhd
2012.05.13 11:08 B C:\VHDL\System09_sandbox\rtl\VHDL\GNU_GENERAL_PUBLIC_LICENSE.doc --> members.optusnet.com.au /System09_sandbox/rtl/VHDL GNU_GENERAL_PUBLIC_LICENSE.doc
2012.05.13 11:08 B C:\VHDL\System09_sandbox\rtl\VHDL\GNU_GENERAL_PUBLIC_LICENSE.pdf --> members.optusnet.com.au /System09_sandbox/rtl/VHDL GNU_GENERAL_PUBLIC_LICENSE.pdf
2012.05.13 11:08 B C:\VHDL\System09_sandbox\rtl\VHDL\handskake_buff.vhd --> members.optusnet.com.au /System09_sandbox/rtl/VHDL handskake_buff.vhd
2012.05.13 11:08 B C:\VHDL\System09_sandbox\rtl\VHDL\ioport.vhd --> members.optusnet.com.au /System09_sandbox/rtl/VHDL ioport.vhd
2012.05.13 11:08 B C:\VHDL\System09_sandbox\rtl\VHDL\keyboard.vhd --> members.optusnet.com.au /System09_sandbox/rtl/VHDL keyboard.vhd
2012.05.13 11:08 B C:\VHDL\System09_sandbox\rtl\VHDL\log2.vhd --> members.optusnet.com.au /System09_sandbox/rtl/VHDL log2.vhd
2012.05.13 11:08 B C:\VHDL\System09_sandbox\rtl\VHDL\mmu.vhd --> members.optusnet.com.au /System09_sandbox/rtl/VHDL mmu.vhd
2012.05.13 11:08 B C:\VHDL\System09_sandbox\rtl\VHDL\mul32.vhd --> members.optusnet.com.au /System09_sandbox/rtl/VHDL mul32.vhd
2012.05.13 11:08 B C:\VHDL\System09_sandbox\rtl\VHDL\n_barrel.vhd --> members.optusnet.com.au /System09_sandbox/rtl/VHDL n_barrel.vhd
2012.05.13 11:08 B C:\VHDL\System09_sandbox\rtl\VHDL\n_m_mux.vhd --> members.optusnet.com.au /System09_sandbox/rtl/VHDL n_m_mux.vhd
2012.05.13 11:08 B C:\VHDL\System09_sandbox\rtl\VHDL\n_mux.vhd --> members.optusnet.com.au /System09_sandbox/rtl/VHDL n_mux.vhd
2012.05.13 11:08 B C:\VHDL\System09_sandbox\rtl\VHDL\peripheral_bus.vhd --> members.optusnet.com.au /System09_sandbox/rtl/VHDL peripheral_bus.vhd
2012.05.13 11:08 B C:\VHDL\System09_sandbox\rtl\VHDL\pia6821.vhd --> members.optusnet.com.au /System09_sandbox/rtl/VHDL pia6821.vhd
2012.05.13 11:08 B C:\VHDL\System09_sandbox\rtl\VHDL\pia_timer.vhd --> members.optusnet.com.au /System09_sandbox/rtl/VHDL pia_timer.vhd
2012.05.13 11:08 B C:\VHDL\System09_sandbox\rtl\VHDL\priority_enc.vhd --> members.optusnet.com.au /System09_sandbox/rtl/VHDL priority_enc.vhd
2012.05.13 11:08 B C:\VHDL\System09_sandbox\rtl\VHDL\priority_rot.vhd --> members.optusnet.com.au /System09_sandbox/rtl/VHDL priority_rot.vhd
2012.05.13 11:08 B C:\VHDL\System09_sandbox\rtl\VHDL\ps2_keyboard.vhd --> members.optusnet.com.au /System09_sandbox/rtl/VHDL ps2_keyboard.vhd
2012.05.13 11:08 B C:\VHDL\System09_sandbox\rtl\VHDL\ptm6840.vhd --> members.optusnet.com.au /System09_sandbox/rtl/VHDL ptm6840.vhd
2012.05.13 11:08 B C:\VHDL\System09_sandbox\rtl\VHDL\quadcpu09.vhd --> members.optusnet.com.au /System09_sandbox/rtl/VHDL quadcpu09.vhd
2012.05.13 11:08 B C:\VHDL\System09_sandbox\rtl\VHDL\sam6883.vhd --> members.optusnet.com.au /System09_sandbox/rtl/VHDL sam6883.vhd
2012.05.13 11:08 B C:\VHDL\System09_sandbox\rtl\VHDL\sdiv32.vhd --> members.optusnet.com.au /System09_sandbox/rtl/VHDL sdiv32.vhd
2012.05.13 11:08 B C:\VHDL\System09_sandbox\rtl\VHDL\SevenSegment.vhd --> members.optusnet.com.au /System09_sandbox/rtl/VHDL SevenSegment.vhd
2012.05.13 11:08 B C:\VHDL\System09_sandbox\rtl\VHDL\smul32.vhd --> members.optusnet.com.au /System09_sandbox/rtl/VHDL smul32.vhd
2012.05.13 11:08 B C:\VHDL\System09_sandbox\rtl\VHDL\spi-master.vhd --> members.optusnet.com.au /System09_sandbox/rtl/VHDL spi-master.vhd
2012.05.13 11:08 B C:\VHDL\System09_sandbox\rtl\VHDL\spp.vhd --> members.optusnet.com.au /System09_sandbox/rtl/VHDL spp.vhd
2012.05.13 11:08 B C:\VHDL\System09_sandbox\rtl\VHDL\timer.vhd --> members.optusnet.com.au /System09_sandbox/rtl/VHDL timer.vhd
2012.05.13 11:08 B C:\VHDL\System09_sandbox\rtl\VHDL\trace.vhd --> members.optusnet.com.au /System09_sandbox/rtl/VHDL trace.vhd
2012.05.13 11:08 B C:\VHDL\System09_sandbox\rtl\VHDL\trap.vhd --> members.optusnet.com.au /System09_sandbox/rtl/VHDL trap.vhd
2012.05.13 11:08 B C:\VHDL\System09_sandbox\rtl\VHDL\twi-master.vhd --> members.optusnet.com.au /System09_sandbox/rtl/VHDL twi-master.vhd
2012.05.13 11:08 B C:\VHDL\System09_sandbox\rtl\VHDL\udiv32.vhd --> members.optusnet.com.au /System09_sandbox/rtl/VHDL udiv32.vhd
2012.05.13 11:08 B C:\VHDL\System09_sandbox\rtl\VHDL\umul32.vhd --> members.optusnet.com.au /System09_sandbox/rtl/VHDL umul32.vhd
2012.05.13 11:08 B C:\VHDL\System09_sandbox\rtl\VHDL\unicpu09.vhd --> members.optusnet.com.au /System09_sandbox/rtl/VHDL unicpu09.vhd
2012.05.13 11:08 B C:\VHDL\System09_sandbox\rtl\VHDL\vdg6847.vhd --> members.optusnet.com.au /System09_sandbox/rtl/VHDL vdg6847.vhd
2012.05.13 11:08 B C:\VHDL\System09_sandbox\rtl\VHDL\vdu8.vhd --> members.optusnet.com.au /System09_sandbox/rtl/VHDL vdu8.vhd
2012.05.13 11:08 B C:\VHDL\System09_sandbox\rtl\VHDL\vdu8_bert.vhd --> members.optusnet.com.au /System09_sandbox/rtl/VHDL vdu8_bert.vhd
2012.05.13 11:08 B C:\VHDL\System09_sandbox\rtl\VHDL\vdu8_mono.vhd --> members.optusnet.com.au /System09_sandbox/rtl/VHDL vdu8_mono.vhd
2012.05.13 11:08 B C:\VHDL\System09_sandbox\rtl\VHDL\vdu8_new.vhd --> members.optusnet.com.au /System09_sandbox/rtl/VHDL vdu8_new.vhd
2012.05.13 11:08 B C:\VHDL\System09_sandbox\rtl\VHDL\XuLA_clk.vhd --> members.optusnet.com.au /System09_sandbox/rtl/VHDL XuLA_clk.vhd
2012.05.13 11:08 B C:\VHDL\System09_sandbox\rtl\VHDL\xula_iobus.vhd --> members.optusnet.com.au /System09_sandbox/rtl/VHDL xula_iobus.vhd
2012.05.13 11:08 B C:\VHDL\System09_sandbox\rtl\VHDL\xula_ioport.vhd --> members.optusnet.com.au /System09_sandbox/rtl/VHDL xula_ioport.vhd
