2012.05.13 11:56 B C:\VHDL\System09_sandbox\src\sys09bug\Makefile --> members.optusnet.com.au /System09_sandbox/src/sys09bug Makefile
2012.05.13 11:56 B C:\VHDL\System09_sandbox\src\sys09bug\opt_270.asm --> members.optusnet.com.au /System09_sandbox/src/sys09bug opt_270.asm
2012.05.13 11:56 B C:\VHDL\System09_sandbox\src\sys09bug\opt_270.txt --> members.optusnet.com.au /System09_sandbox/src/sys09bug opt_270.txt
2012.05.13 11:56 B C:\VHDL\System09_sandbox\src\sys09bug\opt_ads.asm --> members.optusnet.com.au /System09_sandbox/src/sys09bug opt_ads.asm
2012.05.13 11:56 B C:\VHDL\System09_sandbox\src\sys09bug\opt_ads.txt --> members.optusnet.com.au /System09_sandbox/src/sys09bug opt_ads.txt
2012.05.13 11:56 B C:\VHDL\System09_sandbox\src\sys09bug\opt_b3s.asm --> members.optusnet.com.au /System09_sandbox/src/sys09bug opt_b3s.asm
2012.05.13 11:56 B C:\VHDL\System09_sandbox\src\sys09bug\opt_b3s.txt --> members.optusnet.com.au /System09_sandbox/src/sys09bug opt_b3s.txt
2012.05.13 11:56 B C:\VHDL\System09_sandbox\src\sys09bug\opt_b5x.asm --> members.optusnet.com.au /System09_sandbox/src/sys09bug opt_b5x.asm
2012.05.13 11:56 B C:\VHDL\System09_sandbox\src\sys09bug\opt_b5x.txt --> members.optusnet.com.au /System09_sandbox/src/sys09bug opt_b5x.txt
2012.05.13 11:56 B C:\VHDL\System09_sandbox\src\sys09bug\opt_s3e.asm --> members.optusnet.com.au /System09_sandbox/src/sys09bug opt_s3e.asm
2012.05.13 11:57 B C:\VHDL\System09_sandbox\src\sys09bug\opt_s3e.txt --> members.optusnet.com.au /System09_sandbox/src/sys09bug opt_s3e.txt
2012.05.13 11:57 B C:\VHDL\System09_sandbox\src\sys09bug\opt_s3s.asm --> members.optusnet.com.au /System09_sandbox/src/sys09bug opt_s3s.asm
2012.05.13 11:57 B C:\VHDL\System09_sandbox\src\sys09bug\opt_s3s.txt --> members.optusnet.com.au /System09_sandbox/src/sys09bug opt_s3s.txt
2012.05.13 11:57 B C:\VHDL\System09_sandbox\src\sys09bug\opt_swt.asm --> members.optusnet.com.au /System09_sandbox/src/sys09bug opt_swt.asm
2012.05.13 11:57 B C:\VHDL\System09_sandbox\src\sys09bug\opt_swt.txt --> members.optusnet.com.au /System09_sandbox/src/sys09bug opt_swt.txt
2012.05.13 11:57 B C:\VHDL\System09_sandbox\src\sys09bug\opt_xes.asm --> members.optusnet.com.au /System09_sandbox/src/sys09bug opt_xes.asm
2012.05.13 11:57 B C:\VHDL\System09_sandbox\src\sys09bug\opt_xes.txt --> members.optusnet.com.au /System09_sandbox/src/sys09bug opt_xes.txt
2012.05.13 11:57 B C:\VHDL\System09_sandbox\src\sys09bug\readme.txt --> members.optusnet.com.au /System09_sandbox/src/sys09bug readme.txt
2012.05.13 11:57 B C:\VHDL\System09_sandbox\src\sys09bug\sys09270.asm --> members.optusnet.com.au /System09_sandbox/src/sys09bug sys09270.asm
2012.05.13 11:57 B C:\VHDL\System09_sandbox\src\sys09bug\sys09270.aux --> members.optusnet.com.au /System09_sandbox/src/sys09bug sys09270.aux
2012.05.13 11:57 B C:\VHDL\System09_sandbox\src\sys09bug\sys09270.hex --> members.optusnet.com.au /System09_sandbox/src/sys09bug sys09270.hex
2012.05.13 11:57 B C:\VHDL\System09_sandbox\src\sys09bug\sys09270.s19 --> members.optusnet.com.au /System09_sandbox/src/sys09bug sys09270.s19
2012.05.13 11:57 B C:\VHDL\System09_sandbox\src\sys09bug\sys09270.sh --> members.optusnet.com.au /System09_sandbox/src/sys09bug sys09270.sh
2012.05.13 11:57 B C:\VHDL\System09_sandbox\src\sys09bug\sys09270.txt --> members.optusnet.com.au /System09_sandbox/src/sys09bug sys09270.txt
2012.05.13 11:57 B C:\VHDL\System09_sandbox\src\sys09bug\sys09ads.asm --> members.optusnet.com.au /System09_sandbox/src/sys09bug sys09ads.asm
2012.05.13 11:57 B C:\VHDL\System09_sandbox\src\sys09bug\sys09ads.sh --> members.optusnet.com.au /System09_sandbox/src/sys09bug sys09ads.sh
2012.05.13 11:57 B C:\VHDL\System09_sandbox\src\sys09bug\sys09ads.txt --> members.optusnet.com.au /System09_sandbox/src/sys09bug sys09ads.txt
2012.05.13 11:57 B C:\VHDL\System09_sandbox\src\sys09bug\sys09b3d.s19 --> members.optusnet.com.au /System09_sandbox/src/sys09bug sys09b3d.s19
2012.05.13 11:57 B C:\VHDL\System09_sandbox\src\sys09bug\sys09b3s.asm --> members.optusnet.com.au /System09_sandbox/src/sys09bug sys09b3s.asm
2012.05.13 11:57 B C:\VHDL\System09_sandbox\src\sys09bug\sys09b3s.aux --> members.optusnet.com.au /System09_sandbox/src/sys09bug sys09b3s.aux
2012.05.13 11:57 B C:\VHDL\System09_sandbox\src\sys09bug\sys09b3s.sh --> members.optusnet.com.au /System09_sandbox/src/sys09bug sys09b3s.sh
2012.05.13 11:57 B C:\VHDL\System09_sandbox\src\sys09bug\sys09b3s.txt --> members.optusnet.com.au /System09_sandbox/src/sys09bug sys09b3s.txt
2012.05.13 11:57 B C:\VHDL\System09_sandbox\src\sys09bug\sys09b5x.asm --> members.optusnet.com.au /System09_sandbox/src/sys09bug sys09b5x.asm
2012.05.13 11:57 B C:\VHDL\System09_sandbox\src\sys09bug\sys09b5x.aux --> members.optusnet.com.au /System09_sandbox/src/sys09bug sys09b5x.aux
2012.05.13 11:57 B C:\VHDL\System09_sandbox\src\sys09bug\sys09b5x.sh --> members.optusnet.com.au /System09_sandbox/src/sys09bug sys09b5x.sh
2012.05.13 11:57 B C:\VHDL\System09_sandbox\src\sys09bug\sys09b5x.txt --> members.optusnet.com.au /System09_sandbox/src/sys09bug sys09b5x.txt
2012.05.13 11:57 B C:\VHDL\System09_sandbox\src\sys09bug\sys09bug.asm --> members.optusnet.com.au /System09_sandbox/src/sys09bug sys09bug.asm
2012.05.13 11:57 B C:\VHDL\System09_sandbox\src\sys09bug\sys09bug.txt --> members.optusnet.com.au /System09_sandbox/src/sys09bug sys09bug.txt
2012.05.13 11:57 B C:\VHDL\System09_sandbox\src\sys09bug\sys09equ.asm --> members.optusnet.com.au /System09_sandbox/src/sys09bug sys09equ.asm
2012.05.13 11:57 B C:\VHDL\System09_sandbox\src\sys09bug\sys09equ.txt --> members.optusnet.com.au /System09_sandbox/src/sys09bug sys09equ.txt
2012.05.13 11:57 B C:\VHDL\System09_sandbox\src\sys09bug\sys09ide.asm --> members.optusnet.com.au /System09_sandbox/src/sys09bug sys09ide.asm
2012.05.13 11:57 B C:\VHDL\System09_sandbox\src\sys09bug\sys09ide.txt --> members.optusnet.com.au /System09_sandbox/src/sys09bug sys09ide.txt
2012.05.13 11:58 B C:\VHDL\System09_sandbox\src\sys09bug\sys09s3e.asm --> members.optusnet.com.au /System09_sandbox/src/sys09bug sys09s3e.asm
2012.05.13 11:58 B C:\VHDL\System09_sandbox\src\sys09bug\sys09s3e.aux --> members.optusnet.com.au /System09_sandbox/src/sys09bug sys09s3e.aux
2012.05.13 11:58 B C:\VHDL\System09_sandbox\src\sys09bug\sys09s3e.sh --> members.optusnet.com.au /System09_sandbox/src/sys09bug sys09s3e.sh
2012.05.13 11:58 B C:\VHDL\System09_sandbox\src\sys09bug\sys09s3e.txt --> members.optusnet.com.au /System09_sandbox/src/sys09bug sys09s3e.txt
2012.05.13 11:58 B C:\VHDL\System09_sandbox\src\sys09bug\sys09s3s.asm --> members.optusnet.com.au /System09_sandbox/src/sys09bug sys09s3s.asm
2012.05.13 11:58 B C:\VHDL\System09_sandbox\src\sys09bug\sys09s3s.aux --> members.optusnet.com.au /System09_sandbox/src/sys09bug sys09s3s.aux
2012.05.13 11:58 B C:\VHDL\System09_sandbox\src\sys09bug\sys09s3s.s19 --> members.optusnet.com.au /System09_sandbox/src/sys09bug sys09s3s.s19
2012.05.13 11:58 B C:\VHDL\System09_sandbox\src\sys09bug\sys09s3s.sh --> members.optusnet.com.au /System09_sandbox/src/sys09bug sys09s3s.sh
2012.05.13 11:58 B C:\VHDL\System09_sandbox\src\sys09bug\sys09s3s.txt --> members.optusnet.com.au /System09_sandbox/src/sys09bug sys09s3s.txt
2012.05.13 11:58 B C:\VHDL\System09_sandbox\src\sys09bug\sys09s3s_b16.vhd --> members.optusnet.com.au /System09_sandbox/src/sys09bug sys09s3s_b16.vhd
2012.05.13 11:58 B C:\VHDL\System09_sandbox\src\sys09bug\sys09swt.asm --> members.optusnet.com.au /System09_sandbox/src/sys09bug sys09swt.asm
2012.05.13 11:58 B C:\VHDL\System09_sandbox\src\sys09bug\sys09swt.sh --> members.optusnet.com.au /System09_sandbox/src/sys09bug sys09swt.sh
2012.05.13 11:58 B C:\VHDL\System09_sandbox\src\sys09bug\sys09swt.txt --> members.optusnet.com.au /System09_sandbox/src/sys09bug sys09swt.txt
2012.05.13 11:58 B C:\VHDL\System09_sandbox\src\sys09bug\sys09xes.asm --> members.optusnet.com.au /System09_sandbox/src/sys09bug sys09xes.asm
2012.05.13 11:58 B C:\VHDL\System09_sandbox\src\sys09bug\sys09xes.aux --> members.optusnet.com.au /System09_sandbox/src/sys09bug sys09xes.aux
2012.05.13 11:58 B C:\VHDL\System09_sandbox\src\sys09bug\sys09xes.lst --> members.optusnet.com.au /System09_sandbox/src/sys09bug sys09xes.lst
2012.05.13 11:58 B C:\VHDL\System09_sandbox\src\sys09bug\sys09xes.s19 --> members.optusnet.com.au /System09_sandbox/src/sys09bug sys09xes.s19
2012.05.13 11:58 B C:\VHDL\System09_sandbox\src\sys09bug\sys09xes.sh --> members.optusnet.com.au /System09_sandbox/src/sys09bug sys09xes.sh
2012.05.13 11:58 B C:\VHDL\System09_sandbox\src\sys09bug\sys09xes.txt --> members.optusnet.com.au /System09_sandbox/src/sys09bug sys09xes.txt
